#
# A fatal error has been detected by the Java Runtime Environment:
#
#  EXCEPTION_ACCESS_VIOLATION (0xc0000005) at pc=0x00007ffc460a8672, pid=9772, tid=0x000000000000317c
#
# JRE version: Java(TM) SE Runtime Environment (8.0_144-b01) (build 1.8.0_144-b01)
# Java VM: Java HotSpot(TM) 64-Bit Server VM (25.144-b01 mixed mode windows-amd64 compressed oops)
# Problematic frame:
# C  [avcodec-57.dll+0x798672]
#
# Failed to write core dump. Minidumps are not enabled by default on client versions of Windows
#
# If you would like to submit a bug report, please visit:
#   http://bugreport.java.com/bugreport/crash.jsp
# The crash happened outside the Java Virtual Machine in native code.
# See problematic frame for where to report the bug.
#

---------------  T H R E A D  ---------------

Current thread (0x000000001c4d2000):  JavaThread "Thread-3" [_thread_in_native, id=12668, stack(0x0000000032f00000,0x0000000033000000)]

siginfo: ExceptionCode=0xc0000005, reading address 0x0000000000057e10

Registers:
RAX=0x0000000024fc5760, RBX=0x0000000000000582, RCX=0x0000000024feaf00, RDX=0x0000000000057e10
RSP=0x0000000032ff45d8, RBP=0x0000000000000000, RSI=0x0000000000000340, RDI=0x00000000000001a0
R8 =0x00000000361ad180, R9 =0x0000000000000340, R10=0xffffffffffffff80, R11=0x0000000000000000
R12=0x0000000000057e10, R13=0x0000000024fc5c00, R14=0x00007ffc47108240, R15=0x00007ffc47108240
RIP=0x00007ffc460a8672, EFLAGS=0x0000000000010207

Top of Stack: (sp=0x0000000032ff45d8)
0x0000000032ff45d8:   00007ffc45d32f80 0000000000000000
0x0000000032ff45e8:   0000000000037208 0000000000000000
0x0000000032ff45f8:   000000000000020e 0000000000000000
0x0000000032ff4608:   0000000024fd0e20 0000000024fc6718
0x0000000032ff4618:   0000000024fc6db0 0000000000000000
0x0000000032ff4628:   0000000000000000 0000000000000000
0x0000000032ff4638:   0000000032ffc410 0000000032ff9a90
0x0000000032ff4648:   0000001b00000021 0000000032ff4e40
0x0000000032ff4658:   0000000000000000 0000000024fc7290
0x0000000032ff4668:   0000000000016008 0000000000016008
0x0000000032ff4678:   0000000032ff5440 0000000032ffc740
0x0000000032ff4688:   00000000361ad180 0000000800000001
0x0000000032ff4698:   0000000000000d00 00000000361ebcf0
0x0000000032ff46a8:   000000003620c550 0000000000001a00
0x0000000032ff46b8:   000000000000001b 0000000000000021
0x0000000032ff46c8:   00000000361ad188 0000000032ff8320 

Instructions: (pc=0x00007ffc460a8672)
0x00007ffc460a8652:   83 c2 10 75 ca f3 c3 0f 1f 80 00 00 00 00 4d 63
0x00007ffc460a8662:   c9 66 0f ef e4 48 83 e9 80 49 c7 c2 80 ff ff ff
0x00007ffc460a8672:   f3 0f 7e 02 f3 41 0f 7e 10 f3 42 0f 7e 0c 0a f3
0x00007ffc460a8682:   43 0f 7e 1c 08 66 0f 60 c4 66 0f 60 cc 66 0f 60 


Register to memory mapping:

RAX=0x0000000024fc5760 is an unknown value
RBX=0x0000000000000582 is an unknown value
RCX=0x0000000024feaf00 is an unknown value
RDX=0x0000000000057e10 is an unknown value
RSP=0x0000000032ff45d8 is pointing into the stack for thread: 0x000000001c4d2000
RBP=0x0000000000000000 is an unknown value
RSI=0x0000000000000340 is an unknown value
RDI=0x00000000000001a0 is an unknown value
R8 =0x00000000361ad180 is an unknown value
R9 =0x0000000000000340 is an unknown value
R10=0xffffffffffffff80 is an unknown value
R11=0x0000000000000000 is an unknown value
R12=0x0000000000057e10 is an unknown value
R13=0x0000000024fc5c00 is an unknown value
R14=0x00007ffc47108240 is an unknown value
R15=0x00007ffc47108240 is an unknown value


Stack: [0x0000000032f00000,0x0000000033000000],  sp=0x0000000032ff45d8,  free space=977k
Native frames: (J=compiled Java code, j=interpreted, Vv=VM code, C=native code)

Java frames: (J=compiled Java code, j=interpreted, Vv=VM code)
j  org.bytedeco.javacpp.avcodec.avcodec_encode_video2(Lorg/bytedeco/javacpp/avcodec$AVCodecContext;Lorg/bytedeco/javacpp/avcodec$AVPacket;Lorg/bytedeco/javacpp/avutil$AVFrame;[I)I+0
j  org.bytedeco.javacv.FFmpegFrameRecorder.recordImage(IIIIII[Ljava/nio/Buffer;)Z+839
j  org.bytedeco.javacv.FFmpegFrameRecorder.record(Lorg/bytedeco/javacv/Frame;I)V+70
j  org.bytedeco.javacv.FFmpegFrameRecorder.record(Lorg/bytedeco/javacv/Frame;)V+3
j  gui.Javacam$Catcher.run()V+279
j  java.lang.Thread.run()V+11
v  ~StubRoutines::call_stub

---------------  P R O C E S S  ---------------

Java Threads: ( => current thread )
=>0x000000001c4d2000 JavaThread "Thread-3" [_thread_in_native, id=12668, stack(0x0000000032f00000,0x0000000033000000)]
  0x0000000019da1800 JavaThread "Thread-2" [_thread_in_native, id=5924, stack(0x0000000026e00000,0x0000000026f00000)]
  0x000000001c5b9800 JavaThread "D3D Screen Updater" daemon [_thread_blocked, id=10524, stack(0x0000000026500000,0x0000000026600000)]
  0x000000001c363800 JavaThread "JavaCPP Deallocator" daemon [_thread_blocked, id=11108, stack(0x0000000025400000,0x0000000025500000)]
  0x000000001c316000 JavaThread "TimerQueue" daemon [_thread_blocked, id=10000, stack(0x0000000024c00000,0x0000000024d00000)]
  0x00000000051ce000 JavaThread "DestroyJavaVM" [_thread_blocked, id=9132, stack(0x0000000004ef0000,0x0000000004ff0000)]
  0x000000001c07b000 JavaThread "AWT-EventQueue-0" [_thread_in_native, id=13076, stack(0x000000001db10000,0x000000001dc10000)]
  0x000000001c064000 JavaThread "AWT-Windows" daemon [_thread_in_native, id=12508, stack(0x000000001c900000,0x000000001ca00000)]
  0x000000001c061800 JavaThread "AWT-Shutdown" [_thread_blocked, id=12476, stack(0x000000001c800000,0x000000001c900000)]
  0x000000001c060800 JavaThread "Java2D Disposer" daemon [_thread_blocked, id=12940, stack(0x000000001c700000,0x000000001c800000)]
  0x000000001b7d0800 JavaThread "Service Thread" daemon [_thread_blocked, id=4104, stack(0x000000001bbb0000,0x000000001bcb0000)]
  0x0000000019d66000 JavaThread "C1 CompilerThread2" daemon [_thread_blocked, id=4020, stack(0x000000001b6b0000,0x000000001b7b0000)]
  0x0000000019d63000 JavaThread "C2 CompilerThread1" daemon [_thread_blocked, id=3812, stack(0x000000001b5b0000,0x000000001b6b0000)]
  0x0000000019d5d800 JavaThread "C2 CompilerThread0" daemon [_thread_blocked, id=6496, stack(0x000000001b4b0000,0x000000001b5b0000)]
  0x0000000019d5c800 JavaThread "Attach Listener" daemon [_thread_blocked, id=3092, stack(0x000000001b3b0000,0x000000001b4b0000)]
  0x0000000019d5b000 JavaThread "Signal Dispatcher" daemon [_thread_blocked, id=9928, stack(0x000000001b2b0000,0x000000001b3b0000)]
  0x00000000050f8800 JavaThread "Finalizer" daemon [_thread_blocked, id=1492, stack(0x000000001afb0000,0x000000001b0b0000)]
  0x00000000050f3000 JavaThread "Reference Handler" daemon [_thread_blocked, id=8568, stack(0x000000001aeb0000,0x000000001afb0000)]

Other Threads:
  0x0000000019d27000 VMThread [stack: 0x000000001adb0000,0x000000001aeb0000] [id=6204]
  0x000000001b7f7800 WatcherThread [stack: 0x000000001be00000,0x000000001bf00000] [id=1064]

VM state:not at safepoint (normal execution)

VM Mutex/Monitor currently owned by a thread: None

Heap:
 PSYoungGen      total 38400K, used 4765K [0x00000000d5b00000, 0x00000000da600000, 0x0000000100000000)
  eden space 33280K, 14% used [0x00000000d5b00000,0x00000000d5fa76d0,0x00000000d7b80000)
  from space 5120K, 0% used [0x00000000d7b80000,0x00000000d7b80000,0x00000000d8080000)
  to   space 5120K, 0% used [0x00000000da100000,0x00000000da100000,0x00000000da600000)
 ParOldGen       total 41472K, used 3954K [0x0000000081000000, 0x0000000083880000, 0x00000000d5b00000)
  object space 41472K, 9% used [0x0000000081000000,0x00000000813dcbb0,0x0000000083880000)
 Metaspace       used 21107K, capacity 21396K, committed 21552K, reserved 1069056K
  class space    used 2494K, capacity 2599K, committed 2608K, reserved 1048576K

Card table byte_map: [0x0000000014590000,0x0000000014990000] byte_map_base: 0x0000000014188000

Marking Bits: (ParMarkBitMap*) 0x000000005b84d850
 Begin Bits: [0x0000000015040000, 0x0000000017000000)
 End Bits:   [0x0000000017000000, 0x0000000018fc0000)

Polling page: 0x0000000003190000

CodeCache: size=245760Kb used=9547Kb max_used=9702Kb free=236212Kb
 bounds [0x00000000051d0000, 0x0000000005b70000, 0x00000000141d0000]
 total_blobs=3494 nmethods=2753 adapters=652
 compilation: enabled

Compilation events (10 events):
Event: 27.981 Thread 0x0000000019d66000 2875       3       java.lang.reflect.Field::getBoolean (51 bytes)
Event: 27.981 Thread 0x0000000019d66000 nmethod 2875 0x0000000005462b50 code [0x0000000005462d20, 0x0000000005463348]
Event: 27.981 Thread 0x0000000019d66000 2876       3       sun.reflect.UnsafeBooleanFieldAccessorImpl::getBoolean (17 bytes)
Event: 27.982 Thread 0x0000000019d66000 nmethod 2876 0x0000000005427e50 code [0x0000000005428020, 0x0000000005428a78]
Event: 28.020 Thread 0x0000000019d66000 2877   !   3       java.awt.AWTEvent::copyPrivateDataInto (76 bytes)
Event: 28.021 Thread 0x0000000019d66000 nmethod 2877 0x0000000005589050 code [0x0000000005589260, 0x0000000005589ec8]
Event: 28.252 Thread 0x0000000019d66000 2878       3       java.awt.LightweightDispatcher::retargetMouseEvent (350 bytes)
Event: 28.254 Thread 0x0000000019d66000 nmethod 2878 0x0000000005318510 code [0x0000000005318880, 0x000000000531b398]
Event: 28.280 Thread 0x0000000019d66000 2879       1       sun.util.locale.StringTokenIterator::current (5 bytes)
Event: 28.280 Thread 0x0000000019d66000 nmethod 2879 0x00000000053f2b90 code [0x00000000053f2ce0, 0x00000000053f2df0]

GC Heap History (8 events):
Event: 12.449 GC heap before
{Heap before GC invocations=1 (full 0):
 PSYoungGen      total 38400K, used 33280K [0x00000000d5b00000, 0x00000000d8580000, 0x0000000100000000)
  eden space 33280K, 100% used [0x00000000d5b00000,0x00000000d7b80000,0x00000000d7b80000)
  from space 5120K, 0% used [0x00000000d8080000,0x00000000d8080000,0x00000000d8580000)
  to   space 5120K, 0% used [0x00000000d7b80000,0x00000000d7b80000,0x00000000d8080000)
 ParOldGen       total 87552K, used 0K [0x0000000081000000, 0x0000000086580000, 0x00000000d5b00000)
  object space 87552K, 0% used [0x0000000081000000,0x0000000081000000,0x0000000086580000)
 Metaspace       used 18920K, capacity 19182K, committed 19328K, reserved 1067008K
  class space    used 2291K, capacity 2374K, committed 2432K, reserved 1048576K
Event: 12.454 GC heap after
Heap after GC invocations=1 (full 0):
 PSYoungGen      total 38400K, used 5104K [0x00000000d5b00000, 0x00000000d8580000, 0x0000000100000000)
  eden space 33280K, 0% used [0x00000000d5b00000,0x00000000d5b00000,0x00000000d7b80000)
  from space 5120K, 99% used [0x00000000d7b80000,0x00000000d807c268,0x00000000d8080000)
  to   space 5120K, 0% used [0x00000000d8080000,0x00000000d8080000,0x00000000d8580000)
 ParOldGen       total 87552K, used 717K [0x0000000081000000, 0x0000000086580000, 0x00000000d5b00000)
  object space 87552K, 0% used [0x0000000081000000,0x00000000810b3748,0x0000000086580000)
 Metaspace       used 18920K, capacity 19182K, committed 19328K, reserved 1067008K
  class space    used 2291K, capacity 2374K, committed 2432K, reserved 1048576K
}
Event: 21.340 GC heap before
{Heap before GC invocations=2 (full 0):
 PSYoungGen      total 38400K, used 38384K [0x00000000d5b00000, 0x00000000d8580000, 0x0000000100000000)
  eden space 33280K, 100% used [0x00000000d5b00000,0x00000000d7b80000,0x00000000d7b80000)
  from space 5120K, 99% used [0x00000000d7b80000,0x00000000d807c268,0x00000000d8080000)
  to   space 5120K, 0% used [0x00000000d8080000,0x00000000d8080000,0x00000000d8580000)
 ParOldGen       total 87552K, used 717K [0x0000000081000000, 0x0000000086580000, 0x00000000d5b00000)
  object space 87552K, 0% used [0x0000000081000000,0x00000000810b3748,0x0000000086580000)
 Metaspace       used 20461K, capacity 20692K, committed 20992K, reserved 1067008K
  class space    used 2408K, capacity 2471K, committed 2560K, reserved 1048576K
Event: 21.345 GC heap after
Heap after GC invocations=2 (full 0):
 PSYoungGen      total 38400K, used 4434K [0x00000000d5b00000, 0x00000000d8580000, 0x0000000100000000)
  eden space 33280K, 0% used [0x00000000d5b00000,0x00000000d5b00000,0x00000000d7b80000)
  from space 5120K, 86% used [0x00000000d8080000,0x00000000d84d4af0,0x00000000d8580000)
  to   space 5120K, 0% used [0x00000000d7b80000,0x00000000d7b80000,0x00000000d8080000)
 ParOldGen       total 87552K, used 725K [0x0000000081000000, 0x0000000086580000, 0x00000000d5b00000)
  object space 87552K, 0% used [0x0000000081000000,0x00000000810b5748,0x0000000086580000)
 Metaspace       used 20461K, capacity 20692K, committed 20992K, reserved 1067008K
  class space    used 2408K, capacity 2471K, committed 2560K, reserved 1048576K
}
Event: 21.459 GC heap before
{Heap before GC invocations=3 (full 0):
 PSYoungGen      total 38400K, used 17611K [0x00000000d5b00000, 0x00000000d8580000, 0x0000000100000000)
  eden space 33280K, 39% used [0x00000000d5b00000,0x00000000d67de1e8,0x00000000d7b80000)
  from space 5120K, 86% used [0x00000000d8080000,0x00000000d84d4af0,0x00000000d8580000)
  to   space 5120K, 0% used [0x00000000d7b80000,0x00000000d7b80000,0x00000000d8080000)
 ParOldGen       total 87552K, used 725K [0x0000000081000000, 0x0000000086580000, 0x00000000d5b00000)
  object space 87552K, 0% used [0x0000000081000000,0x00000000810b5748,0x0000000086580000)
 Metaspace       used 20941K, capacity 21172K, committed 21296K, reserved 1069056K
  class space    used 2484K, capacity 2567K, committed 2608K, reserved 1048576K
Event: 21.463 GC heap after
Heap after GC invocations=3 (full 0):
 PSYoungGen      total 38400K, used 4011K [0x00000000d5b00000, 0x00000000da600000, 0x0000000100000000)
  eden space 33280K, 0% used [0x00000000d5b00000,0x00000000d5b00000,0x00000000d7b80000)
  from space 5120K, 78% used [0x00000000d7b80000,0x00000000d7f6ad28,0x00000000d8080000)
  to   space 5120K, 0% used [0x00000000da100000,0x00000000da100000,0x00000000da600000)
 ParOldGen       total 87552K, used 733K [0x0000000081000000, 0x0000000086580000, 0x00000000d5b00000)
  object space 87552K, 0% used [0x0000000081000000,0x00000000810b7748,0x0000000086580000)
 Metaspace       used 20941K, capacity 21172K, committed 21296K, reserved 1069056K
  class space    used 2484K, capacity 2567K, committed 2608K, reserved 1048576K
}
Event: 21.463 GC heap before
{Heap before GC invocations=4 (full 1):
 PSYoungGen      total 38400K, used 4011K [0x00000000d5b00000, 0x00000000da600000, 0x0000000100000000)
  eden space 33280K, 0% used [0x00000000d5b00000,0x00000000d5b00000,0x00000000d7b80000)
  from space 5120K, 78% used [0x00000000d7b80000,0x00000000d7f6ad28,0x00000000d8080000)
  to   space 5120K, 0% used [0x00000000da100000,0x00000000da100000,0x00000000da600000)
 ParOldGen       total 87552K, used 733K [0x0000000081000000, 0x0000000086580000, 0x00000000d5b00000)
  object space 87552K, 0% used [0x0000000081000000,0x00000000810b7748,0x0000000086580000)
 Metaspace       used 20941K, capacity 21172K, committed 21296K, reserved 1069056K
  class space    used 2484K, capacity 2567K, committed 2608K, reserved 1048576K
Event: 21.485 GC heap after
Heap after GC invocations=4 (full 1):
 PSYoungGen      total 38400K, used 0K [0x00000000d5b00000, 0x00000000da600000, 0x0000000100000000)
  eden space 33280K, 0% used [0x00000000d5b00000,0x00000000d5b00000,0x00000000d7b80000)
  from space 5120K, 0% used [0x00000000d7b80000,0x00000000d7b80000,0x00000000d8080000)
  to   space 5120K, 0% used [0x00000000da100000,0x00000000da100000,0x00000000da600000)
 ParOldGen       total 41472K, used 3954K [0x0000000081000000, 0x0000000083880000, 0x00000000d5b00000)
  object space 41472K, 9% used [0x0000000081000000,0x00000000813dcbb0,0x0000000083880000)
 Metaspace       used 20941K, capacity 21172K, committed 21296K, reserved 1069056K
  class space    used 2484K, capacity 2567K, committed 2608K, reserved 1048576K
}

Deoptimization events (10 events):
Event: 19.709 Thread 0x000000001c4d2000 Uncommon trap: reason=unstable_if action=reinterpret pc=0x000000000579e1b0 method=java.util.HashMap.putVal(ILjava/lang/Object;Ljava/lang/Object;ZZ)Ljava/lang/Object; @ 206
Event: 19.710 Thread 0x000000001c4d2000 Uncommon trap: reason=unstable_if action=reinterpret pc=0x0000000005a2783c method=java.util.HashMap.putVal(ILjava/lang/Object;Ljava/lang/Object;ZZ)Ljava/lang/Object; @ 206
Event: 21.533 Thread 0x000000001c4d2000 Uncommon trap: reason=class_check action=maybe_recompile pc=0x00000000059343a8 method=sun.awt.image.SurfaceManager.getImageScale(Ljava/awt/Image;)I @ 1
Event: 21.533 Thread 0x000000001c4d2000 Uncommon trap: reason=unstable_if action=reinterpret pc=0x0000000005901b44 method=sun.awt.image.SurfaceManager.getManager(Ljava/awt/Image;)Lsun/awt/image/SurfaceManager; @ 9
Event: 21.533 Thread 0x000000001c4d2000 Uncommon trap: reason=unstable_if action=reinterpret pc=0x00000000058b6bb0 method=sun.java2d.loops.RenderCache.get(Lsun/java2d/loops/SurfaceType;Lsun/java2d/loops/CompositeType;Lsun/java2d/loops/SurfaceType;)Ljava/lang/Object; @ 29
Event: 21.533 Thread 0x000000001c4d2000 Uncommon trap: reason=class_check action=maybe_recompile pc=0x00000000059b74c0 method=sun.java2d.SurfaceData.getTransparency()I @ 4
Event: 21.590 Thread 0x000000001c07b000 Uncommon trap: reason=unstable_if action=reinterpret pc=0x0000000005a85508 method=java.awt.Container.getMouseEventTargetImpl(IIZLjava/awt/Container$EventTargetFilter;ZZ)Ljava/awt/Component; @ 218
Event: 21.617 Thread 0x000000001c4d2000 Uncommon trap: reason=class_check action=maybe_recompile pc=0x00000000059b74c0 method=sun.java2d.SurfaceData.getTransparency()I @ 4
Event: 21.697 Thread 0x000000001c4d2000 Uncommon trap: reason=class_check action=maybe_recompile pc=0x00000000059b74c0 method=sun.java2d.SurfaceData.getTransparency()I @ 4
Event: 21.761 Thread 0x000000001c4d2000 Uncommon trap: reason=class_check action=maybe_recompile pc=0x00000000059b74c0 method=sun.java2d.SurfaceData.getTransparency()I @ 4

Internal exceptions (10 events):
Event: 0.243 Thread 0x00000000051ce000 Exception <a 'java/lang/ClassNotFoundException': javax/swing/JTreeCell> (0x00000000d603ca40) thrown at [C:\re\workspace\8-2-build-windows-amd64-cygwin\jdk8u144\9417\hotspot\src\share\vm\classfile\systemDictionary.cpp, line 210]
Event: 0.243 Thread 0x00000000051ce000 Exception <a 'java/lang/ClassNotFoundException': TreeCell> (0x00000000d603cec8) thrown at [C:\re\workspace\8-2-build-windows-amd64-cygwin\jdk8u144\9417\hotspot\src\share\vm\classfile\systemDictionary.cpp, line 210]
Event: 0.243 Thread 0x00000000051ce000 Exception <a 'java/lang/ClassNotFoundException': RootPane> (0x00000000d603d928) thrown at [C:\re\workspace\8-2-build-windows-amd64-cygwin\jdk8u144\9417\hotspot\src\share\vm\classfile\systemDictionary.cpp, line 210]
Event: 0.701 Thread 0x000000001c07b000 Exception <a 'java/io/FileNotFoundException'> (0x00000000d6c18c68) thrown at [C:\re\workspace\8-2-build-windows-amd64-cygwin\jdk8u144\9417\hotspot\src\share\vm\prims\jni.cpp, line 709]
Event: 0.714 Thread 0x000000001c07b000 Exception <a 'java/io/FileNotFoundException'> (0x00000000d6c8b038) thrown at [C:\re\workspace\8-2-build-windows-amd64-cygwin\jdk8u144\9417\hotspot\src\share\vm\prims\jni.cpp, line 709]
Event: 0.730 Thread 0x000000001c07b000 Exception <a 'java/io/FileNotFoundException'> (0x00000000d6d48d78) thrown at [C:\re\workspace\8-2-build-windows-amd64-cygwin\jdk8u144\9417\hotspot\src\share\vm\prims\jni.cpp, line 709]
Event: 0.739 Thread 0x000000001c07b000 Exception <a 'java/io/FileNotFoundException'> (0x00000000d6dc5b58) thrown at [C:\re\workspace\8-2-build-windows-amd64-cygwin\jdk8u144\9417\hotspot\src\share\vm\prims\jni.cpp, line 709]
Event: 21.533 Thread 0x000000001c4d2000 Implicit null exception at 0x0000000005900f59 to 0x0000000005901b19
Event: 21.533 Thread 0x000000001c4d2000 Implicit null exception at 0x00000000058b695e to 0x00000000058b6b99
Event: 28.408 Thread 0x000000001c07b000 JVM_StopThread thread JavaThread 0x000000001c4d2000 as oop 0x0000000081010128 [exception 0x000000001dc0cdb0]

Events (10 events):
Event: 26.402 Thread 0x0000000019d66000 flushing nmethod 0x00000000055893d0
Event: 26.402 Thread 0x0000000019d66000 flushing nmethod 0x0000000005589c50
Event: 26.402 Thread 0x0000000019d66000 flushing nmethod 0x000000000558d2d0
Event: 26.402 Thread 0x0000000019d66000 flushing nmethod 0x00000000055982d0
Event: 26.402 Thread 0x0000000019d66000 flushing nmethod 0x0000000005599110
Event: 26.402 Thread 0x0000000019d66000 flushing nmethod 0x00000000055c5990
Event: 26.402 Thread 0x0000000019d66000 flushing nmethod 0x00000000055c6950
Event: 26.402 Thread 0x0000000019d66000 flushing nmethod 0x00000000055c9510
Event: 28.408 Executing VM operation: ThreadStop
Event: 28.408 Executing VM operation: ThreadStop done


Dynamic libraries:
0x00007ff67e980000 - 0x00007ff67e9b7000 	C:\Program Files\Java\jdk1.8.0_144\bin\java.exe
0x00007ffc84620000 - 0x00007ffc84800000 	C:\WINDOWS\SYSTEM32\ntdll.dll
0x00007ffc843a0000 - 0x00007ffc8444e000 	C:\WINDOWS\System32\KERNEL32.DLL
0x00007ffc815f0000 - 0x00007ffc81856000 	C:\WINDOWS\System32\KERNELBASE.dll
0x00007ffc82790000 - 0x00007ffc82831000 	C:\WINDOWS\System32\ADVAPI32.dll
0x00007ffc82ec0000 - 0x00007ffc82f5d000 	C:\WINDOWS\System32\msvcrt.dll
0x00007ffc82730000 - 0x00007ffc8278b000 	C:\WINDOWS\System32\sechost.dll
0x00007ffc81da0000 - 0x00007ffc81ebf000 	C:\WINDOWS\System32\RPCRT4.dll
0x00007ffc823f0000 - 0x00007ffc8257e000 	C:\WINDOWS\System32\USER32.dll
0x00007ffc81940000 - 0x00007ffc81960000 	C:\WINDOWS\System32\win32u.dll
0x00007ffc81d70000 - 0x00007ffc81d98000 	C:\WINDOWS\System32\GDI32.dll
0x00007ffc81960000 - 0x00007ffc81aec000 	C:\WINDOWS\System32\gdi32full.dll
0x00007ffc80a30000 - 0x00007ffc80acb000 	C:\WINDOWS\System32\msvcp_win.dll
0x00007ffc80cf0000 - 0x00007ffc80de6000 	C:\WINDOWS\System32\ucrtbase.dll
0x00007ffc75c00000 - 0x00007ffc75e69000 	C:\WINDOWS\WinSxS\amd64_microsoft.windows.common-controls_6595b64144ccf1df_6.0.16288.1_none_fd92a66ef3d53de6\COMCTL32.dll
0x00007ffc81f80000 - 0x00007ffc82287000 	C:\WINDOWS\System32\combase.dll
0x00007ffc81860000 - 0x00007ffc818d2000 	C:\WINDOWS\System32\bcryptPrimitives.dll
0x00007ffc845c0000 - 0x00007ffc845ed000 	C:\WINDOWS\System32\IMM32.DLL
0x000000005af50000 - 0x000000005b022000 	C:\Program Files\Java\jdk1.8.0_144\jre\bin\msvcr100.dll
0x000000005b030000 - 0x000000005b8cd000 	C:\Program Files\Java\jdk1.8.0_144\jre\bin\server\jvm.dll
0x00007ffc82290000 - 0x00007ffc82298000 	C:\WINDOWS\System32\PSAPI.DLL
0x00007ffc79720000 - 0x00007ffc79729000 	C:\WINDOWS\SYSTEM32\WSOCK32.dll
0x00007ffc7d730000 - 0x00007ffc7d753000 	C:\WINDOWS\SYSTEM32\WINMM.dll
0x00007ffc7aa70000 - 0x00007ffc7aa7a000 	C:\WINDOWS\SYSTEM32\VERSION.dll
0x00007ffc82380000 - 0x00007ffc823ec000 	C:\WINDOWS\System32\WS2_32.dll
0x00007ffc7d6d0000 - 0x00007ffc7d6fa000 	C:\WINDOWS\SYSTEM32\winmmbase.dll
0x00007ffc80ad0000 - 0x00007ffc80b1a000 	C:\WINDOWS\System32\cfgmgr32.dll
0x000000005bca0000 - 0x000000005bcaf000 	C:\Program Files\Java\jdk1.8.0_144\jre\bin\verify.dll
0x000000005af20000 - 0x000000005af49000 	C:\Program Files\Java\jdk1.8.0_144\jre\bin\java.dll
0x000000005af00000 - 0x000000005af16000 	C:\Program Files\Java\jdk1.8.0_144\jre\bin\zip.dll
0x00007ffc82f60000 - 0x00007ffc84398000 	C:\WINDOWS\System32\SHELL32.dll
0x00007ffc82e10000 - 0x00007ffc82eb6000 	C:\WINDOWS\System32\shcore.dll
0x00007ffc80ea0000 - 0x00007ffc815e8000 	C:\WINDOWS\System32\windows.storage.dll
0x00007ffc82840000 - 0x00007ffc82891000 	C:\WINDOWS\System32\shlwapi.dll
0x00007ffc809f0000 - 0x00007ffc80a01000 	C:\WINDOWS\System32\kernel.appcore.dll
0x00007ffc80980000 - 0x00007ffc809cc000 	C:\WINDOWS\System32\powrprof.dll
0x00007ffc80a10000 - 0x00007ffc80a2b000 	C:\WINDOWS\System32\profapi.dll
0x000000005ad20000 - 0x000000005aeb8000 	C:\Program Files\Java\jdk1.8.0_144\jre\bin\awt.dll
0x00007ffc81ca0000 - 0x00007ffc81d65000 	C:\WINDOWS\System32\OLEAUT32.dll
0x00007ffc7ee30000 - 0x00007ffc7eeb7000 	C:\WINDOWS\SYSTEM32\apphelp.dll
0x00007ffc7ef60000 - 0x00007ffc7eff5000 	C:\WINDOWS\system32\uxtheme.dll
0x00007ffc84450000 - 0x00007ffc845b7000 	C:\WINDOWS\System32\MSCTF.dll
0x00007ffc66a80000 - 0x00007ffc66ac8000 	C:\Program Files (x86)\TeamViewer\tv_x64.dll
0x00007ffc81af0000 - 0x00007ffc81c39000 	C:\WINDOWS\System32\ole32.dll
0x00007ffc7f220000 - 0x00007ffc7f24a000 	C:\WINDOWS\system32\dwmapi.dll
0x000000005acd0000 - 0x000000005ad17000 	C:\Program Files\Java\jdk1.8.0_144\jre\bin\fontmanager.dll
0x00007ffc48830000 - 0x00007ffc4a727000 	C:\OpenCV\opencv\build\java\x64\opencv_java320.dll
0x00007ffc71e60000 - 0x00007ffc71e89000 	C:\WINDOWS\SYSTEM32\MSVFW32.dll
0x00007ffc78e20000 - 0x00007ffc78e3f000 	C:\WINDOWS\SYSTEM32\AVIFIL32.dll
0x00007ffc71340000 - 0x00007ffc71358000 	C:\WINDOWS\SYSTEM32\AVICAP32.dll
0x00007ffc79500000 - 0x00007ffc7951c000 	C:\WINDOWS\SYSTEM32\MSACM32.dll
0x00007ffc67890000 - 0x00007ffc679ae000 	C:\WINDOWS\system32\opengl32.dll
0x00007ffc78e40000 - 0x00007ffc78e6c000 	C:\WINDOWS\SYSTEM32\GLU32.dll
0x00007ffc7a1c0000 - 0x00007ffc7a355000 	C:\WINDOWS\system32\d3d9.dll
0x00007ffc7a0b0000 - 0x00007ffc7a19a000 	C:\WINDOWS\System32\DriverStore\FileRepository\nv_ref_pubwu.inf_amd64_17a7729c4a220588\nvldumdx.dll
0x00007ffc80b20000 - 0x00007ffc80cee000 	C:\WINDOWS\System32\crypt32.dll
0x00007ffc809d0000 - 0x00007ffc809e2000 	C:\WINDOWS\System32\MSASN1.dll
0x00007ffc818e0000 - 0x00007ffc81938000 	C:\WINDOWS\System32\WINTRUST.DLL
0x00007ffc81ec0000 - 0x00007ffc81edd000 	C:\WINDOWS\System32\imagehlp.dll
0x00007ffc803d0000 - 0x00007ffc803e7000 	C:\WINDOWS\SYSTEM32\CRYPTSP.dll
0x00007ffc7fe20000 - 0x00007ffc7fe53000 	C:\WINDOWS\system32\rsaenh.dll
0x00007ffc804e0000 - 0x00007ffc80505000 	C:\WINDOWS\SYSTEM32\bcrypt.dll
0x00007ffc803f0000 - 0x00007ffc803fb000 	C:\WINDOWS\SYSTEM32\CRYPTBASE.dll
0x00007ffc47650000 - 0x00007ffc48824000 	C:\WINDOWS\System32\DriverStore\FileRepository\nv_ref_pubwu.inf_amd64_17a7729c4a220588\nvd3dumx.dll
0x00007ffc798b0000 - 0x00007ffc7999b000 	C:\Program Files (x86)\NVIDIA Corporation\3D Vision\nvSCPAPI64.dll
0x00007ffc829c0000 - 0x00007ffc82e0e000 	C:\WINDOWS\System32\SETUPAPI.dll
0x00007ffc70ea0000 - 0x00007ffc70ebb000 	C:\Users\PC-Victor\AppData\Local\Temp\1505952857322-jSerialComm.dll
0x000000005aee0000 - 0x000000005aefa000 	C:\Program Files\Java\jdk1.8.0_144\jre\bin\net.dll
0x00007ffc80210000 - 0x00007ffc80276000 	C:\WINDOWS\system32\mswsock.dll
0x000000005aec0000 - 0x000000005aed1000 	C:\Program Files\Java\jdk1.8.0_144\jre\bin\nio.dll
0x000000005ac80000 - 0x000000005acc2000 	C:\Program Files\Java\jdk1.8.0_144\jre\bin\t2k.dll
0x00007ffc81ee0000 - 0x00007ffc81f7e000 	C:\WINDOWS\System32\clbcatq.dll
0x00007ffc7c290000 - 0x00007ffc7c43b000 	C:\WINDOWS\SYSTEM32\WindowsCodecs.dll
0x00007ffc66ad0000 - 0x00007ffc66b1f000 	C:\WINDOWS\system32\dataexchange.dll
0x00007ffc7e900000 - 0x00007ffc7ea42000 	C:\WINDOWS\system32\dcomp.dll
0x00007ffc7df70000 - 0x00007ffc7e251000 	C:\WINDOWS\system32\d3d11.dll
0x00007ffc7f7f0000 - 0x00007ffc7f89f000 	C:\WINDOWS\system32\dxgi.dll
0x00007ffc7f360000 - 0x00007ffc7f4db000 	C:\WINDOWS\system32\twinapi.appcore.dll
0x00007ffc7f340000 - 0x00007ffc7f360000 	C:\WINDOWS\system32\RMCLIENT.dll
0x00007ffc59120000 - 0x00007ffc5920f000 	C:\Users\PC-Victor\.javacpp\cache\opencv-windows-x86_64.jar\org\bytedeco\javacpp\windows-x86_64\msvcr120.dll
0x00007ffc59b90000 - 0x00007ffc59c36000 	C:\Users\PC-Victor\.javacpp\cache\opencv-windows-x86_64.jar\org\bytedeco\javacpp\windows-x86_64\msvcp120.dll
0x00007ffc54f00000 - 0x00007ffc55188000 	C:\Users\PC-Victor\.javacpp\cache\opencv-windows-x86_64.jar\org\bytedeco\javacpp\windows-x86_64\opencv_core320.dll
0x00007ffc54b90000 - 0x00007ffc54ef2000 	C:\Users\PC-Victor\.javacpp\cache\opencv-windows-x86_64.jar\org\bytedeco\javacpp\windows-x86_64\opencv_imgproc320.dll
0x00007ffc577c0000 - 0x00007ffc57a0a000 	C:\Users\PC-Victor\.javacpp\cache\opencv-windows-x86_64.jar\org\bytedeco\javacpp\windows-x86_64\jniopencv_core.dll
0x00007ffc75440000 - 0x00007ffc754d4000 	C:\WINDOWS\System32\TextInputFramework.dll
0x00007ffc7be80000 - 0x00007ffc7c16e000 	C:\WINDOWS\System32\CoreUIComponents.dll
0x00007ffc7e820000 - 0x00007ffc7e8fc000 	C:\WINDOWS\System32\CoreMessaging.dll
0x00007ffc7fbd0000 - 0x00007ffc7fc01000 	C:\WINDOWS\SYSTEM32\ntmarta.dll
0x00007ffc7bc50000 - 0x00007ffc7bd86000 	C:\WINDOWS\SYSTEM32\wintypes.dll
0x000000005ac40000 - 0x000000005ac6a000 	C:\Program Files\Java\jdk1.8.0_144\jre\bin\dcpr.dll
0x00007ffc562c0000 - 0x00007ffc563b0000 	C:\Users\PC-Victor\.javacpp\cache\opencv-windows-x86_64.jar\org\bytedeco\javacpp\windows-x86_64\jniopencv_imgproc.dll
0x00007ffc548c0000 - 0x00007ffc54b8a000 	C:\Users\PC-Victor\.javacpp\cache\opencv-windows-x86_64.jar\org\bytedeco\javacpp\windows-x86_64\opencv_imgcodecs320.dll
0x00007ffc70bf0000 - 0x00007ffc70c15000 	C:\Users\PC-Victor\.javacpp\cache\opencv-windows-x86_64.jar\org\bytedeco\javacpp\windows-x86_64\jniopencv_imgcodecs.dll
0x00007ffc6f610000 - 0x00007ffc6f65e000 	C:\Users\PC-Victor\.javacpp\cache\opencv-windows-x86_64.jar\org\bytedeco\javacpp\windows-x86_64\opencv_videoio320.dll
0x00007ffc70c80000 - 0x00007ffc70c97000 	C:\Users\PC-Victor\.javacpp\cache\opencv-windows-x86_64.jar\org\bytedeco\javacpp\windows-x86_64\jniopencv_videoio.dll
0x00007ffc71e90000 - 0x00007ffc71ea8000 	C:\Windows\System32\devenum.dll
0x00007ffc80790000 - 0x00007ffc807b7000 	C:\WINDOWS\SYSTEM32\DEVOBJ.dll
0x00007ffc794c0000 - 0x00007ffc794ca000 	C:\WINDOWS\SYSTEM32\msdmo.dll
0x00007ffc67690000 - 0x00007ffc676c3000 	C:\Windows\System32\qcap.dll
0x00007ffc37630000 - 0x00007ffc377ec000 	C:\Windows\System32\quartz.dll
0x00007ffc78b90000 - 0x00007ffc78bde000 	C:\Windows\System32\mfksproxy.dll
0x00007ffc7c740000 - 0x00007ffc7c75d000 	C:\Windows\System32\ATL.DLL
0x00007ffc70f30000 - 0x00007ffc70f66000 	C:\Windows\System32\MFSENSORGROUP.dll
0x00007ffc6f680000 - 0x00007ffc6f831000 	C:\Windows\System32\MFPlat.DLL
0x00007ffc6f880000 - 0x00007ffc6f8b2000 	C:\Windows\System32\RTWorkQ.DLL
0x00007ffc76a80000 - 0x00007ffc76ac9000 	C:\Windows\System32\ksproxy.ax
0x00007ffc7d8c0000 - 0x00007ffc7d8c9000 	C:\Windows\System32\ksuser.dll
0x00007ffc7a9f0000 - 0x00007ffc7aa6b000 	C:\WINDOWS\SYSTEM32\policymanager.dll
0x00007ffc7bb20000 - 0x00007ffc7bbb0000 	C:\Windows\System32\msvcp110_win.dll
0x00007ffc79440000 - 0x00007ffc7944c000 	C:\Windows\System32\vidcap.ax
0x00007ffc76a50000 - 0x00007ffc76a76000 	C:\Windows\System32\kswdmcap.ax
0x00007ffc56990000 - 0x00007ffc56af5000 	C:\Windows\System32\MFC42.dll
0x00007ffc58280000 - 0x00007ffc58320000 	C:\Windows\System32\qedit.dll
0x00007ffc828b0000 - 0x00007ffc829ba000 	C:\WINDOWS\System32\COMDLG32.dll
0x00007ffc763d0000 - 0x00007ffc7656c000 	C:\WINDOWS\WinSxS\amd64_microsoft.windows.gdiplus_6595b64144ccf1df_1.1.16288.1_none_7d5a158d076d5a0e\gdiplus.dll
0x00007ffc55da0000 - 0x00007ffc55e96000 	C:\Windows\System32\DDRAW.dll
0x00007ffc7da80000 - 0x00007ffc7da88000 	C:\Windows\System32\DCIMAN32.dll
0x00007ffc55cf0000 - 0x00007ffc55d93000 	C:\Users\PC-Victor\.javacpp\cache\ffmpeg-windows-x86_64.jar\org\bytedeco\javacpp\windows-x86_64\avutil-55.dll
0x000000006fe00000 - 0x000000006fe81000 	C:\Users\PC-Victor\.javacpp\cache\ffmpeg-windows-x86_64.jar\org\bytedeco\javacpp\windows-x86_64\jniavutil.dll
0x00007ffc6fcd0000 - 0x00007ffc6fcf8000 	C:\Users\PC-Victor\.javacpp\cache\ffmpeg-windows-x86_64.jar\org\bytedeco\javacpp\windows-x86_64\swresample-2.dll
0x0000000070080000 - 0x00000000700ad000 	C:\Users\PC-Victor\.javacpp\cache\ffmpeg-windows-x86_64.jar\org\bytedeco\javacpp\windows-x86_64\jniswresample.dll
0x00007ffc45910000 - 0x00007ffc47646000 	C:\Users\PC-Victor\.javacpp\cache\ffmpeg-windows-x86_64.jar\org\bytedeco\javacpp\windows-x86_64\avcodec-57.dll
0x000000006a1c0000 - 0x000000006a259000 	C:\Users\PC-Victor\.javacpp\cache\ffmpeg-windows-x86_64.jar\org\bytedeco\javacpp\windows-x86_64\jniavcodec.dll
0x00007ffc53ad0000 - 0x00007ffc53e5e000 	C:\Users\PC-Victor\.javacpp\cache\ffmpeg-windows-x86_64.jar\org\bytedeco\javacpp\windows-x86_64\avformat-57.dll
0x00007ffc6dee0000 - 0x00007ffc6deec000 	C:\WINDOWS\SYSTEM32\Secur32.dll
0x00007ffc80880000 - 0x00007ffc808b0000 	C:\WINDOWS\SYSTEM32\SSPICLI.DLL
0x000000006abc0000 - 0x000000006ac4c000 	C:\Users\PC-Victor\.javacpp\cache\ffmpeg-windows-x86_64.jar\org\bytedeco\javacpp\windows-x86_64\jniavformat.dll
0x00007ffc56b00000 - 0x00007ffc56b93000 	C:\Users\PC-Victor\.javacpp\cache\ffmpeg-windows-x86_64.jar\org\bytedeco\javacpp\windows-x86_64\swscale-4.dll

VM Arguments:
jvm_args: -Dfile.encoding=UTF-8 -Djava.library.path=C:\OpenCV\opencv\build\java\x64 
java_command: gui.Javacam
java_class_path (initial): C:\Users\PC-Victor\Documents\GitHub\sersor\Sensor\dist\lib\AbsoluteLayout.jar;C:\Users\PC-Victor\Documents\GitHub\sersor\Sensor\dist\lib\ffmpeg.jar;C:\Users\PC-Victor\Documents\GitHub\sersor\Sensor\dist\lib\jSerialComm-1.3.11.jar;C:\Users\PC-Victor\Documents\GitHub\sersor\Sensor\dist\lib\javacpp.jar;C:\Users\PC-Victor\Documents\GitHub\sersor\Sensor\dist\lib\javacv.jar;C:\Users\PC-Victor\Documents\GitHub\sersor\Sensor\dist\lib\jcommon-1.0.23.jar;C:\Users\PC-Victor\Documents\GitHub\sersor\Sensor\dist\lib\jfreechart-1.0.19.jar;C:\Users\PC-Victor\Documents\GitHub\sersor\Sensor\dist\lib\opencv.jar;C:\OpenCV\opencv\build\java\opencv-320.jar;C:\javacv-bin\opencv-platform.jar;C:\javacv-bin\opencv-windows-x86.jar;C:\javacv-bin\opencv-windows-x86_64.jar;C:\javacv-bin\videoinput-platform.jar;C:\javacv-bin\videoinput-windows-x86.jar;C:\javacv-bin\videoinput-windows-x86_64.jar;C:\javacv-bin\videoinput.jar;C:\javacv-bin\ffmpeg.jar;C:\javacv-bin\ffmpeg-platform.jar;C:\javacv-bin\ffmpeg-windows-x86.jar;C:\javacv-bin\ffmpeg-windows-x86_64.jar;C:\Users\PC-Victor\Documents\GitHub\sersor\Sensor\build\classes
Launcher Type: SUN_STANDARD

Environment Variables:
PATH=C:\Program Files\Microsoft MPI\Bin\;C:\ProgramData\Oracle\Java\javapath;C:\Windows\system32;C:\Windows;C:\Windows\System32\Wbem;C:\Windows\System32\WindowsPowerShell\v1.0\;C:\WINDOWS\system32;C:\WINDOWS;C:\WINDOWS\System32\Wbem;C:\WINDOWS\System32\WindowsPowerShell\v1.0\;C:\Program Files (x86)\GtkSharp\2.12\bin;C:\Program Files\nodejs\;C:\Program Files\Anaconda3;C:\Program Files\Anaconda3\Scripts;C:\Program Files\Anaconda3\Library\bin;C:\Program Files\MATLAB\MATLAB Production Server\R2015a\runtime\win64;C:\Program Files\MATLAB\MATLAB Production Server\R2015a\bin;C:\Program Files\MATLAB\MATLAB Production Server\R2015a\polyspace\bin;%SystemRoot%\system32;%SystemRoot%;%SystemRoot%\System32\Wbem;%SYSTEMROOT%\System32\WindowsPowerShell\v1.0\;C:\Users\PC-Victor\AppData\Local\Microsoft\WindowsApps;C:\Users\PC-Victor\AppData\Roaming\npm;C:\Users\PC-Victor\AppData\Local\GitHubDesktop\bin;%USERPROFILE%\AppData\Local\Microsoft\WindowsApps;
USERNAME=PC-Victor
OS=Windows_NT
PROCESSOR_IDENTIFIER=Intel64 Family 6 Model 94 Stepping 3, GenuineIntel



---------------  S Y S T E M  ---------------

OS: Windows 10.0 , 64 bit Build 16288 (10.0.16288.1)

CPU:total 4 (initial active 4) (4 cores per cpu, 1 threads per core) family 6 model 94 stepping 3, cmov, cx8, fxsr, mmx, sse, sse2, sse3, ssse3, sse4.1, sse4.2, popcnt, avx, avx2, aes, clmul, erms, 3dnowpref, lzcnt, tsc, tscinvbit, bmi1, bmi2, adx

Memory: 4k page, physical 8319968k(1682916k free), swap 13045528k(1660164k free)

vm_info: Java HotSpot(TM) 64-Bit Server VM (25.144-b01) for windows-amd64 JRE (1.8.0_144-b01), built on Jul 21 2017 21:57:33 by "java_re" with MS VC++ 10.0 (VS2010)

time: Wed Sep 20 21:14:45 2017
elapsed time: 28 seconds (0d 0h 0m 28s)

